22:20:29.250 06-03-2018 | ERROR | sample.App.Database :35    | SQLException while getting data from Database
org.postgresql.util.PSQLException: Połączenie odrzucone. Sprawdź, czy prawidłowo ustawiłeś nazwę hosta oraz port i upewnij się, czy postmaster przyjmuje połączenia TCP/IP.
	at org.postgresql.core.v3.ConnectionFactoryImpl.openConnectionImpl(ConnectionFactoryImpl.java:138) ~[postgresql-9.1-901-1.jdbc4.jar:?]
	at org.postgresql.core.ConnectionFactory.openConnection(ConnectionFactory.java:66) ~[postgresql-9.1-901-1.jdbc4.jar:?]
	at org.postgresql.jdbc2.AbstractJdbc2Connection.<init>(AbstractJdbc2Connection.java:125) ~[postgresql-9.1-901-1.jdbc4.jar:?]
	at org.postgresql.jdbc3.AbstractJdbc3Connection.<init>(AbstractJdbc3Connection.java:30) ~[postgresql-9.1-901-1.jdbc4.jar:?]
	at org.postgresql.jdbc3g.AbstractJdbc3gConnection.<init>(AbstractJdbc3gConnection.java:22) ~[postgresql-9.1-901-1.jdbc4.jar:?]
	at org.postgresql.jdbc4.AbstractJdbc4Connection.<init>(AbstractJdbc4Connection.java:32) ~[postgresql-9.1-901-1.jdbc4.jar:?]
	at org.postgresql.jdbc4.Jdbc4Connection.<init>(Jdbc4Connection.java:24) ~[postgresql-9.1-901-1.jdbc4.jar:?]
	at org.postgresql.Driver.makeConnection(Driver.java:393) ~[postgresql-9.1-901-1.jdbc4.jar:?]
	at org.postgresql.Driver.connect(Driver.java:267) ~[postgresql-9.1-901-1.jdbc4.jar:?]
	at java.sql.DriverManager.getConnection(DriverManager.java:678) ~[java.sql:?]
	at java.sql.DriverManager.getConnection(DriverManager.java:252) ~[java.sql:?]
	at sample.App.Database.getDataFromDatabase(Database.java:13) [classes/:?]
	at sample.App.GUI.scoreContent(GUI.java:243) [classes/:?]
	at sample.ReversiApp.start(ReversiApp.java:32) [classes/:?]
	at com.sun.javafx.application.LauncherImpl.lambda$launchApplication1$9(LauncherImpl.java:919) [javafx.graphics:?]
	at com.sun.javafx.application.PlatformImpl.lambda$runAndWait$11(PlatformImpl.java:449) [javafx.graphics:?]
	at com.sun.javafx.application.PlatformImpl.lambda$runLater$9(PlatformImpl.java:418) [javafx.graphics:?]
	at java.security.AccessController.doPrivileged(Native Method) [?:?]
	at com.sun.javafx.application.PlatformImpl.lambda$runLater$10(PlatformImpl.java:417) [javafx.graphics:?]
	at com.sun.glass.ui.InvokeLaterDispatcher$Future.run(InvokeLaterDispatcher.java:96) [javafx.graphics:?]
	at com.sun.glass.ui.win.WinApplication._runLoop(Native Method) [javafx.graphics:?]
	at com.sun.glass.ui.win.WinApplication.lambda$runLoop$3(WinApplication.java:175) [javafx.graphics:?]
	at java.lang.Thread.run(Thread.java:844) [?:?]
Caused by: java.net.ConnectException: Connection refused: connect
	at java.net.DualStackPlainSocketImpl.connect0(Native Method) ~[?:?]
	at java.net.DualStackPlainSocketImpl.socketConnect(DualStackPlainSocketImpl.java:79) ~[?:?]
	at java.net.AbstractPlainSocketImpl.doConnect(AbstractPlainSocketImpl.java:400) ~[?:?]
	at java.net.AbstractPlainSocketImpl.connectToAddress(AbstractPlainSocketImpl.java:243) ~[?:?]
	at java.net.AbstractPlainSocketImpl.connect(AbstractPlainSocketImpl.java:225) ~[?:?]
	at java.net.PlainSocketImpl.connect(PlainSocketImpl.java:148) ~[?:?]
	at java.net.SocksSocketImpl.connect(SocksSocketImpl.java:402) ~[?:?]
	at java.net.Socket.connect(Socket.java:591) ~[?:?]
	at java.net.Socket.connect(Socket.java:540) ~[?:?]
	at java.net.Socket.<init>(Socket.java:436) ~[?:?]
	at java.net.Socket.<init>(Socket.java:213) ~[?:?]
	at org.postgresql.core.PGStream.<init>(PGStream.java:62) ~[postgresql-9.1-901-1.jdbc4.jar:?]
	at org.postgresql.core.v3.ConnectionFactoryImpl.openConnectionImpl(ConnectionFactoryImpl.java:76) ~[postgresql-9.1-901-1.jdbc4.jar:?]
	... 22 more
22:20:31.657 06-03-2018 | INFO  | sample.App.GUI$1    :75    | Changing scene to gameScene. Starting game.
22:21:41.625 06-03-2018 | ERROR | sample.App.Database :35    | SQLException while getting data from Database
org.postgresql.util.PSQLException: Połączenie odrzucone. Sprawdź, czy prawidłowo ustawiłeś nazwę hosta oraz port i upewnij się, czy postmaster przyjmuje połączenia TCP/IP.
	at org.postgresql.core.v3.ConnectionFactoryImpl.openConnectionImpl(ConnectionFactoryImpl.java:138) ~[postgresql-9.1-901-1.jdbc4.jar:?]
	at org.postgresql.core.ConnectionFactory.openConnection(ConnectionFactory.java:66) ~[postgresql-9.1-901-1.jdbc4.jar:?]
	at org.postgresql.jdbc2.AbstractJdbc2Connection.<init>(AbstractJdbc2Connection.java:125) ~[postgresql-9.1-901-1.jdbc4.jar:?]
	at org.postgresql.jdbc3.AbstractJdbc3Connection.<init>(AbstractJdbc3Connection.java:30) ~[postgresql-9.1-901-1.jdbc4.jar:?]
	at org.postgresql.jdbc3g.AbstractJdbc3gConnection.<init>(AbstractJdbc3gConnection.java:22) ~[postgresql-9.1-901-1.jdbc4.jar:?]
	at org.postgresql.jdbc4.AbstractJdbc4Connection.<init>(AbstractJdbc4Connection.java:32) ~[postgresql-9.1-901-1.jdbc4.jar:?]
	at org.postgresql.jdbc4.Jdbc4Connection.<init>(Jdbc4Connection.java:24) ~[postgresql-9.1-901-1.jdbc4.jar:?]
	at org.postgresql.Driver.makeConnection(Driver.java:393) ~[postgresql-9.1-901-1.jdbc4.jar:?]
	at org.postgresql.Driver.connect(Driver.java:267) ~[postgresql-9.1-901-1.jdbc4.jar:?]
	at java.sql.DriverManager.getConnection(DriverManager.java:678) ~[java.sql:?]
	at java.sql.DriverManager.getConnection(DriverManager.java:252) ~[java.sql:?]
	at sample.App.Database.getDataFromDatabase(Database.java:13) [classes/:?]
	at sample.App.GUI.scoreContent(GUI.java:197) [classes/:?]
	at sample.ReversiApp.start(ReversiApp.java:32) [classes/:?]
	at com.sun.javafx.application.LauncherImpl.lambda$launchApplication1$9(LauncherImpl.java:919) [javafx.graphics:?]
	at com.sun.javafx.application.PlatformImpl.lambda$runAndWait$11(PlatformImpl.java:449) [javafx.graphics:?]
	at com.sun.javafx.application.PlatformImpl.lambda$runLater$9(PlatformImpl.java:418) [javafx.graphics:?]
	at java.security.AccessController.doPrivileged(Native Method) [?:?]
	at com.sun.javafx.application.PlatformImpl.lambda$runLater$10(PlatformImpl.java:417) [javafx.graphics:?]
	at com.sun.glass.ui.InvokeLaterDispatcher$Future.run(InvokeLaterDispatcher.java:96) [javafx.graphics:?]
	at com.sun.glass.ui.win.WinApplication._runLoop(Native Method) [javafx.graphics:?]
	at com.sun.glass.ui.win.WinApplication.lambda$runLoop$3(WinApplication.java:175) [javafx.graphics:?]
	at java.lang.Thread.run(Thread.java:844) [?:?]
Caused by: java.net.ConnectException: Connection refused: connect
	at java.net.DualStackPlainSocketImpl.connect0(Native Method) ~[?:?]
	at java.net.DualStackPlainSocketImpl.socketConnect(DualStackPlainSocketImpl.java:79) ~[?:?]
	at java.net.AbstractPlainSocketImpl.doConnect(AbstractPlainSocketImpl.java:400) ~[?:?]
	at java.net.AbstractPlainSocketImpl.connectToAddress(AbstractPlainSocketImpl.java:243) ~[?:?]
	at java.net.AbstractPlainSocketImpl.connect(AbstractPlainSocketImpl.java:225) ~[?:?]
	at java.net.PlainSocketImpl.connect(PlainSocketImpl.java:148) ~[?:?]
	at java.net.SocksSocketImpl.connect(SocksSocketImpl.java:402) ~[?:?]
	at java.net.Socket.connect(Socket.java:591) ~[?:?]
	at java.net.Socket.connect(Socket.java:540) ~[?:?]
	at java.net.Socket.<init>(Socket.java:436) ~[?:?]
	at java.net.Socket.<init>(Socket.java:213) ~[?:?]
	at org.postgresql.core.PGStream.<init>(PGStream.java:62) ~[postgresql-9.1-901-1.jdbc4.jar:?]
	at org.postgresql.core.v3.ConnectionFactoryImpl.openConnectionImpl(ConnectionFactoryImpl.java:76) ~[postgresql-9.1-901-1.jdbc4.jar:?]
	... 22 more
22:21:43.625 06-03-2018 | INFO  | sample.App.GUI$1    :75    | Changing scene to gameScene. Starting game.
22:22:05.686 06-03-2018 | ERROR | sample.App.Database :35    | SQLException while getting data from Database
org.postgresql.util.PSQLException: Połączenie odrzucone. Sprawdź, czy prawidłowo ustawiłeś nazwę hosta oraz port i upewnij się, czy postmaster przyjmuje połączenia TCP/IP.
	at org.postgresql.core.v3.ConnectionFactoryImpl.openConnectionImpl(ConnectionFactoryImpl.java:138) ~[postgresql-9.1-901-1.jdbc4.jar:?]
	at org.postgresql.core.ConnectionFactory.openConnection(ConnectionFactory.java:66) ~[postgresql-9.1-901-1.jdbc4.jar:?]
	at org.postgresql.jdbc2.AbstractJdbc2Connection.<init>(AbstractJdbc2Connection.java:125) ~[postgresql-9.1-901-1.jdbc4.jar:?]
	at org.postgresql.jdbc3.AbstractJdbc3Connection.<init>(AbstractJdbc3Connection.java:30) ~[postgresql-9.1-901-1.jdbc4.jar:?]
	at org.postgresql.jdbc3g.AbstractJdbc3gConnection.<init>(AbstractJdbc3gConnection.java:22) ~[postgresql-9.1-901-1.jdbc4.jar:?]
	at org.postgresql.jdbc4.AbstractJdbc4Connection.<init>(AbstractJdbc4Connection.java:32) ~[postgresql-9.1-901-1.jdbc4.jar:?]
	at org.postgresql.jdbc4.Jdbc4Connection.<init>(Jdbc4Connection.java:24) ~[postgresql-9.1-901-1.jdbc4.jar:?]
	at org.postgresql.Driver.makeConnection(Driver.java:393) ~[postgresql-9.1-901-1.jdbc4.jar:?]
	at org.postgresql.Driver.connect(Driver.java:267) ~[postgresql-9.1-901-1.jdbc4.jar:?]
	at java.sql.DriverManager.getConnection(DriverManager.java:678) ~[java.sql:?]
	at java.sql.DriverManager.getConnection(DriverManager.java:252) ~[java.sql:?]
	at sample.App.Database.getDataFromDatabase(Database.java:13) [classes/:?]
	at sample.App.GUI.scoreContent(GUI.java:197) [classes/:?]
	at sample.ReversiApp.start(ReversiApp.java:32) [classes/:?]
	at com.sun.javafx.application.LauncherImpl.lambda$launchApplication1$9(LauncherImpl.java:919) [javafx.graphics:?]
	at com.sun.javafx.application.PlatformImpl.lambda$runAndWait$11(PlatformImpl.java:449) [javafx.graphics:?]
	at com.sun.javafx.application.PlatformImpl.lambda$runLater$9(PlatformImpl.java:418) [javafx.graphics:?]
	at java.security.AccessController.doPrivileged(Native Method) [?:?]
	at com.sun.javafx.application.PlatformImpl.lambda$runLater$10(PlatformImpl.java:417) [javafx.graphics:?]
	at com.sun.glass.ui.InvokeLaterDispatcher$Future.run(InvokeLaterDispatcher.java:96) [javafx.graphics:?]
	at com.sun.glass.ui.win.WinApplication._runLoop(Native Method) [javafx.graphics:?]
	at com.sun.glass.ui.win.WinApplication.lambda$runLoop$3(WinApplication.java:175) [javafx.graphics:?]
	at java.lang.Thread.run(Thread.java:844) [?:?]
Caused by: java.net.ConnectException: Connection refused: connect
	at java.net.DualStackPlainSocketImpl.connect0(Native Method) ~[?:?]
	at java.net.DualStackPlainSocketImpl.socketConnect(DualStackPlainSocketImpl.java:79) ~[?:?]
	at java.net.AbstractPlainSocketImpl.doConnect(AbstractPlainSocketImpl.java:400) ~[?:?]
	at java.net.AbstractPlainSocketImpl.connectToAddress(AbstractPlainSocketImpl.java:243) ~[?:?]
	at java.net.AbstractPlainSocketImpl.connect(AbstractPlainSocketImpl.java:225) ~[?:?]
	at java.net.PlainSocketImpl.connect(PlainSocketImpl.java:148) ~[?:?]
	at java.net.SocksSocketImpl.connect(SocksSocketImpl.java:402) ~[?:?]
	at java.net.Socket.connect(Socket.java:591) ~[?:?]
	at java.net.Socket.connect(Socket.java:540) ~[?:?]
	at java.net.Socket.<init>(Socket.java:436) ~[?:?]
	at java.net.Socket.<init>(Socket.java:213) ~[?:?]
	at org.postgresql.core.PGStream.<init>(PGStream.java:62) ~[postgresql-9.1-901-1.jdbc4.jar:?]
	at org.postgresql.core.v3.ConnectionFactoryImpl.openConnectionImpl(ConnectionFactoryImpl.java:76) ~[postgresql-9.1-901-1.jdbc4.jar:?]
	... 22 more
22:22:07.001 06-03-2018 | ERROR | sample.App.Database :35    | SQLException while getting data from Database
org.postgresql.util.PSQLException: Połączenie odrzucone. Sprawdź, czy prawidłowo ustawiłeś nazwę hosta oraz port i upewnij się, czy postmaster przyjmuje połączenia TCP/IP.
	at org.postgresql.core.v3.ConnectionFactoryImpl.openConnectionImpl(ConnectionFactoryImpl.java:138) ~[postgresql-9.1-901-1.jdbc4.jar:?]
	at org.postgresql.core.ConnectionFactory.openConnection(ConnectionFactory.java:66) ~[postgresql-9.1-901-1.jdbc4.jar:?]
	at org.postgresql.jdbc2.AbstractJdbc2Connection.<init>(AbstractJdbc2Connection.java:125) ~[postgresql-9.1-901-1.jdbc4.jar:?]
	at org.postgresql.jdbc3.AbstractJdbc3Connection.<init>(AbstractJdbc3Connection.java:30) ~[postgresql-9.1-901-1.jdbc4.jar:?]
	at org.postgresql.jdbc3g.AbstractJdbc3gConnection.<init>(AbstractJdbc3gConnection.java:22) ~[postgresql-9.1-901-1.jdbc4.jar:?]
	at org.postgresql.jdbc4.AbstractJdbc4Connection.<init>(AbstractJdbc4Connection.java:32) ~[postgresql-9.1-901-1.jdbc4.jar:?]
	at org.postgresql.jdbc4.Jdbc4Connection.<init>(Jdbc4Connection.java:24) ~[postgresql-9.1-901-1.jdbc4.jar:?]
	at org.postgresql.Driver.makeConnection(Driver.java:393) ~[postgresql-9.1-901-1.jdbc4.jar:?]
	at org.postgresql.Driver.connect(Driver.java:267) ~[postgresql-9.1-901-1.jdbc4.jar:?]
	at java.sql.DriverManager.getConnection(DriverManager.java:678) ~[java.sql:?]
	at java.sql.DriverManager.getConnection(DriverManager.java:252) ~[java.sql:?]
	at sample.App.Database.getDataFromDatabase(Database.java:13) [classes/:?]
	at sample.App.GUI.scoreContent(GUI.java:197) [classes/:?]
	at sample.ReversiApp.start(ReversiApp.java:32) [classes/:?]
	at com.sun.javafx.application.LauncherImpl.lambda$launchApplication1$9(LauncherImpl.java:919) [javafx.graphics:?]
	at com.sun.javafx.application.PlatformImpl.lambda$runAndWait$11(PlatformImpl.java:449) [javafx.graphics:?]
	at com.sun.javafx.application.PlatformImpl.lambda$runLater$9(PlatformImpl.java:418) [javafx.graphics:?]
	at java.security.AccessController.doPrivileged(Native Method) [?:?]
	at com.sun.javafx.application.PlatformImpl.lambda$runLater$10(PlatformImpl.java:417) [javafx.graphics:?]
	at com.sun.glass.ui.InvokeLaterDispatcher$Future.run(InvokeLaterDispatcher.java:96) [javafx.graphics:?]
	at com.sun.glass.ui.win.WinApplication._runLoop(Native Method) [javafx.graphics:?]
	at com.sun.glass.ui.win.WinApplication.lambda$runLoop$3(WinApplication.java:175) [javafx.graphics:?]
	at java.lang.Thread.run(Thread.java:844) [?:?]
Caused by: java.net.ConnectException: Connection refused: connect
	at java.net.DualStackPlainSocketImpl.connect0(Native Method) ~[?:?]
	at java.net.DualStackPlainSocketImpl.socketConnect(DualStackPlainSocketImpl.java:79) ~[?:?]
	at java.net.AbstractPlainSocketImpl.doConnect(AbstractPlainSocketImpl.java:400) ~[?:?]
	at java.net.AbstractPlainSocketImpl.connectToAddress(AbstractPlainSocketImpl.java:243) ~[?:?]
	at java.net.AbstractPlainSocketImpl.connect(AbstractPlainSocketImpl.java:225) ~[?:?]
	at java.net.PlainSocketImpl.connect(PlainSocketImpl.java:148) ~[?:?]
	at java.net.SocksSocketImpl.connect(SocksSocketImpl.java:402) ~[?:?]
	at java.net.Socket.connect(Socket.java:591) ~[?:?]
	at java.net.Socket.connect(Socket.java:540) ~[?:?]
	at java.net.Socket.<init>(Socket.java:436) ~[?:?]
	at java.net.Socket.<init>(Socket.java:213) ~[?:?]
	at org.postgresql.core.PGStream.<init>(PGStream.java:62) ~[postgresql-9.1-901-1.jdbc4.jar:?]
	at org.postgresql.core.v3.ConnectionFactoryImpl.openConnectionImpl(ConnectionFactoryImpl.java:76) ~[postgresql-9.1-901-1.jdbc4.jar:?]
	... 22 more
22:22:07.938 06-03-2018 | INFO  | sample.App.GUI$1    :75    | Changing scene to gameScene. Starting game.
22:22:14.198 06-03-2018 | INFO  | sample.App.GUI      :190   | Exiting game.
22:25:42.970 06-03-2018 | ERROR | sample.App.Database :35    | SQLException while getting data from Database
org.postgresql.util.PSQLException: Połączenie odrzucone. Sprawdź, czy prawidłowo ustawiłeś nazwę hosta oraz port i upewnij się, czy postmaster przyjmuje połączenia TCP/IP.
	at org.postgresql.core.v3.ConnectionFactoryImpl.openConnectionImpl(ConnectionFactoryImpl.java:138) ~[postgresql-9.1-901-1.jdbc4.jar:?]
	at org.postgresql.core.ConnectionFactory.openConnection(ConnectionFactory.java:66) ~[postgresql-9.1-901-1.jdbc4.jar:?]
	at org.postgresql.jdbc2.AbstractJdbc2Connection.<init>(AbstractJdbc2Connection.java:125) ~[postgresql-9.1-901-1.jdbc4.jar:?]
	at org.postgresql.jdbc3.AbstractJdbc3Connection.<init>(AbstractJdbc3Connection.java:30) ~[postgresql-9.1-901-1.jdbc4.jar:?]
	at org.postgresql.jdbc3g.AbstractJdbc3gConnection.<init>(AbstractJdbc3gConnection.java:22) ~[postgresql-9.1-901-1.jdbc4.jar:?]
	at org.postgresql.jdbc4.AbstractJdbc4Connection.<init>(AbstractJdbc4Connection.java:32) ~[postgresql-9.1-901-1.jdbc4.jar:?]
	at org.postgresql.jdbc4.Jdbc4Connection.<init>(Jdbc4Connection.java:24) ~[postgresql-9.1-901-1.jdbc4.jar:?]
	at org.postgresql.Driver.makeConnection(Driver.java:393) ~[postgresql-9.1-901-1.jdbc4.jar:?]
	at org.postgresql.Driver.connect(Driver.java:267) ~[postgresql-9.1-901-1.jdbc4.jar:?]
	at java.sql.DriverManager.getConnection(DriverManager.java:678) ~[java.sql:?]
	at java.sql.DriverManager.getConnection(DriverManager.java:252) ~[java.sql:?]
	at sample.App.Database.getDataFromDatabase(Database.java:13) [classes/:?]
	at sample.App.GUI.scoreContent(GUI.java:197) [classes/:?]
	at sample.ReversiApp.start(ReversiApp.java:32) [classes/:?]
	at com.sun.javafx.application.LauncherImpl.lambda$launchApplication1$9(LauncherImpl.java:919) [javafx.graphics:?]
	at com.sun.javafx.application.PlatformImpl.lambda$runAndWait$11(PlatformImpl.java:449) [javafx.graphics:?]
	at com.sun.javafx.application.PlatformImpl.lambda$runLater$9(PlatformImpl.java:418) [javafx.graphics:?]
	at java.security.AccessController.doPrivileged(Native Method) [?:?]
	at com.sun.javafx.application.PlatformImpl.lambda$runLater$10(PlatformImpl.java:417) [javafx.graphics:?]
	at com.sun.glass.ui.InvokeLaterDispatcher$Future.run(InvokeLaterDispatcher.java:96) [javafx.graphics:?]
	at com.sun.glass.ui.win.WinApplication._runLoop(Native Method) [javafx.graphics:?]
	at com.sun.glass.ui.win.WinApplication.lambda$runLoop$3(WinApplication.java:175) [javafx.graphics:?]
	at java.lang.Thread.run(Thread.java:844) [?:?]
Caused by: java.net.ConnectException: Connection refused: connect
	at java.net.DualStackPlainSocketImpl.connect0(Native Method) ~[?:?]
	at java.net.DualStackPlainSocketImpl.socketConnect(DualStackPlainSocketImpl.java:79) ~[?:?]
	at java.net.AbstractPlainSocketImpl.doConnect(AbstractPlainSocketImpl.java:400) ~[?:?]
	at java.net.AbstractPlainSocketImpl.connectToAddress(AbstractPlainSocketImpl.java:243) ~[?:?]
	at java.net.AbstractPlainSocketImpl.connect(AbstractPlainSocketImpl.java:225) ~[?:?]
	at java.net.PlainSocketImpl.connect(PlainSocketImpl.java:148) ~[?:?]
	at java.net.SocksSocketImpl.connect(SocksSocketImpl.java:402) ~[?:?]
	at java.net.Socket.connect(Socket.java:591) ~[?:?]
	at java.net.Socket.connect(Socket.java:540) ~[?:?]
	at java.net.Socket.<init>(Socket.java:436) ~[?:?]
	at java.net.Socket.<init>(Socket.java:213) ~[?:?]
	at org.postgresql.core.PGStream.<init>(PGStream.java:62) ~[postgresql-9.1-901-1.jdbc4.jar:?]
	at org.postgresql.core.v3.ConnectionFactoryImpl.openConnectionImpl(ConnectionFactoryImpl.java:76) ~[postgresql-9.1-901-1.jdbc4.jar:?]
	... 22 more
22:25:45.266 06-03-2018 | INFO  | sample.App.GUI      :190   | Exiting game.
22:25:57.665 06-03-2018 | ERROR | sample.App.Database :35    | SQLException while getting data from Database
org.postgresql.util.PSQLException: Połączenie odrzucone. Sprawdź, czy prawidłowo ustawiłeś nazwę hosta oraz port i upewnij się, czy postmaster przyjmuje połączenia TCP/IP.
	at org.postgresql.core.v3.ConnectionFactoryImpl.openConnectionImpl(ConnectionFactoryImpl.java:138) ~[postgresql-9.1-901-1.jdbc4.jar:?]
	at org.postgresql.core.ConnectionFactory.openConnection(ConnectionFactory.java:66) ~[postgresql-9.1-901-1.jdbc4.jar:?]
	at org.postgresql.jdbc2.AbstractJdbc2Connection.<init>(AbstractJdbc2Connection.java:125) ~[postgresql-9.1-901-1.jdbc4.jar:?]
	at org.postgresql.jdbc3.AbstractJdbc3Connection.<init>(AbstractJdbc3Connection.java:30) ~[postgresql-9.1-901-1.jdbc4.jar:?]
	at org.postgresql.jdbc3g.AbstractJdbc3gConnection.<init>(AbstractJdbc3gConnection.java:22) ~[postgresql-9.1-901-1.jdbc4.jar:?]
	at org.postgresql.jdbc4.AbstractJdbc4Connection.<init>(AbstractJdbc4Connection.java:32) ~[postgresql-9.1-901-1.jdbc4.jar:?]
	at org.postgresql.jdbc4.Jdbc4Connection.<init>(Jdbc4Connection.java:24) ~[postgresql-9.1-901-1.jdbc4.jar:?]
	at org.postgresql.Driver.makeConnection(Driver.java:393) ~[postgresql-9.1-901-1.jdbc4.jar:?]
	at org.postgresql.Driver.connect(Driver.java:267) ~[postgresql-9.1-901-1.jdbc4.jar:?]
	at java.sql.DriverManager.getConnection(DriverManager.java:678) ~[java.sql:?]
	at java.sql.DriverManager.getConnection(DriverManager.java:252) ~[java.sql:?]
	at sample.App.Database.getDataFromDatabase(Database.java:13) [classes/:?]
	at sample.App.GUI.scoreContent(GUI.java:197) [classes/:?]
	at sample.ReversiApp.start(ReversiApp.java:32) [classes/:?]
	at com.sun.javafx.application.LauncherImpl.lambda$launchApplication1$9(LauncherImpl.java:919) [javafx.graphics:?]
	at com.sun.javafx.application.PlatformImpl.lambda$runAndWait$11(PlatformImpl.java:449) [javafx.graphics:?]
	at com.sun.javafx.application.PlatformImpl.lambda$runLater$9(PlatformImpl.java:418) [javafx.graphics:?]
	at java.security.AccessController.doPrivileged(Native Method) [?:?]
	at com.sun.javafx.application.PlatformImpl.lambda$runLater$10(PlatformImpl.java:417) [javafx.graphics:?]
	at com.sun.glass.ui.InvokeLaterDispatcher$Future.run(InvokeLaterDispatcher.java:96) [javafx.graphics:?]
	at com.sun.glass.ui.win.WinApplication._runLoop(Native Method) [javafx.graphics:?]
	at com.sun.glass.ui.win.WinApplication.lambda$runLoop$3(WinApplication.java:175) [javafx.graphics:?]
	at java.lang.Thread.run(Thread.java:844) [?:?]
Caused by: java.net.ConnectException: Connection refused: connect
	at java.net.DualStackPlainSocketImpl.connect0(Native Method) ~[?:?]
	at java.net.DualStackPlainSocketImpl.socketConnect(DualStackPlainSocketImpl.java:79) ~[?:?]
	at java.net.AbstractPlainSocketImpl.doConnect(AbstractPlainSocketImpl.java:400) ~[?:?]
	at java.net.AbstractPlainSocketImpl.connectToAddress(AbstractPlainSocketImpl.java:243) ~[?:?]
	at java.net.AbstractPlainSocketImpl.connect(AbstractPlainSocketImpl.java:225) ~[?:?]
	at java.net.PlainSocketImpl.connect(PlainSocketImpl.java:148) ~[?:?]
	at java.net.SocksSocketImpl.connect(SocksSocketImpl.java:402) ~[?:?]
	at java.net.Socket.connect(Socket.java:591) ~[?:?]
	at java.net.Socket.connect(Socket.java:540) ~[?:?]
	at java.net.Socket.<init>(Socket.java:436) ~[?:?]
	at java.net.Socket.<init>(Socket.java:213) ~[?:?]
	at org.postgresql.core.PGStream.<init>(PGStream.java:62) ~[postgresql-9.1-901-1.jdbc4.jar:?]
	at org.postgresql.core.v3.ConnectionFactoryImpl.openConnectionImpl(ConnectionFactoryImpl.java:76) ~[postgresql-9.1-901-1.jdbc4.jar:?]
	... 22 more
22:25:59.469 06-03-2018 | INFO  | sample.App.GUI$1    :75    | Changing scene to gameScene. Starting game.
